INFO - 2024-08-07 16:02:47 --> Session: Class initialized using 'CodeIgniter\Session\Handlers\FileHandler' driver.
WARNING - 2024-08-07 16:02:47 --> [DEPRECATED] Creation of dynamic property App\Controllers\Home::$session is deprecated in APPPATH/Controllers/Home.php on line 16.
 1 SYSTEMPATH/CodeIgniter.php(903): App\Controllers\Home->__construct()
 2 SYSTEMPATH/CodeIgniter.php(500): CodeIgniter\CodeIgniter->createController()
 3 SYSTEMPATH/CodeIgniter.php(355): CodeIgniter\CodeIgniter->handleRequest(null, Object(Config\Cache), false)
 4 SYSTEMPATH/Boot.php(325): CodeIgniter\CodeIgniter->run()
 5 SYSTEMPATH/Boot.php(67): CodeIgniter\Boot::runCodeIgniter(Object(CodeIgniter\CodeIgniter))
 6 FCPATH/index.php(56): CodeIgniter\Boot::bootWeb(Object(Config\Paths))
 7 SYSTEMPATH/rewrite.php(44): require_once('/media/degante/DEV/test/bibliotecaupn24/public/index.php')
ERROR - 2024-08-07 16:02:47 --> Error connecting to the database: mysqli_sql_exception: Access denied for user 'useradmin'@'localhost' in /media/degante/DEV/test/bibliotecaupn24/system/Database/MySQLi/Connection.php:186
Stack trace:
#0 /media/degante/DEV/test/bibliotecaupn24/system/Database/MySQLi/Connection.php(186): mysqli->real_connect()
#1 /media/degante/DEV/test/bibliotecaupn24/system/Database/BaseConnection.php(421): CodeIgniter\Database\MySQLi\Connection->connect()
#2 /media/degante/DEV/test/bibliotecaupn24/system/Database/BaseConnection.php(616): CodeIgniter\Database\BaseConnection->initialize()
#3 /media/degante/DEV/test/bibliotecaupn24/system/Database/BaseBuilder.php(1636): CodeIgniter\Database\BaseConnection->query()
#4 /media/degante/DEV/test/bibliotecaupn24/system/Model.php(286): CodeIgniter\Database\BaseBuilder->get()
#5 /media/degante/DEV/test/bibliotecaupn24/system/BaseModel.php(676): CodeIgniter\Model->doFindAll()
#6 /media/degante/DEV/test/bibliotecaupn24/app/Controllers/Home.php(24): CodeIgniter\BaseModel->findAll()
#7 /media/degante/DEV/test/bibliotecaupn24/system/CodeIgniter.php(933): App\Controllers\Home->index()
#8 /media/degante/DEV/test/bibliotecaupn24/system/CodeIgniter.php(509): CodeIgniter\CodeIgniter->runController()
#9 /media/degante/DEV/test/bibliotecaupn24/system/CodeIgniter.php(355): CodeIgniter\CodeIgniter->handleRequest()
#10 /media/degante/DEV/test/bibliotecaupn24/system/Boot.php(325): CodeIgniter\CodeIgniter->run()
#11 /media/degante/DEV/test/bibliotecaupn24/system/Boot.php(67): CodeIgniter\Boot::runCodeIgniter()
#12 /media/degante/DEV/test/bibliotecaupn24/public/index.php(56): CodeIgniter\Boot::bootWeb()
#13 /media/degante/DEV/test/bibliotecaupn24/system/rewrite.php(44): require_once('...')
#14 {main}

Next CodeIgniter\Database\Exceptions\DatabaseException: Access denied for user '****'@'localhost' in /media/degante/DEV/test/bibliotecaupn24/system/Database/MySQLi/Connection.php:231
Stack trace:
#0 /media/degante/DEV/test/bibliotecaupn24/system/Database/BaseConnection.php(421): CodeIgniter\Database\MySQLi\Connection->connect()
#1 /media/degante/DEV/test/bibliotecaupn24/system/Database/BaseConnection.php(616): CodeIgniter\Database\BaseConnection->initialize()
#2 /media/degante/DEV/test/bibliotecaupn24/system/Database/BaseBuilder.php(1636): CodeIgniter\Database\BaseConnection->query()
#3 /media/degante/DEV/test/bibliotecaupn24/system/Model.php(286): CodeIgniter\Database\BaseBuilder->get()
#4 /media/degante/DEV/test/bibliotecaupn24/system/BaseModel.php(676): CodeIgniter\Model->doFindAll()
#5 /media/degante/DEV/test/bibliotecaupn24/app/Controllers/Home.php(24): CodeIgniter\BaseModel->findAll()
#6 /media/degante/DEV/test/bibliotecaupn24/system/CodeIgniter.php(933): App\Controllers\Home->index()
#7 /media/degante/DEV/test/bibliotecaupn24/system/CodeIgniter.php(509): CodeIgniter\CodeIgniter->runController()
#8 /media/degante/DEV/test/bibliotecaupn24/system/CodeIgniter.php(355): CodeIgniter\CodeIgniter->handleRequest()
#9 /media/degante/DEV/test/bibliotecaupn24/system/Boot.php(325): CodeIgniter\CodeIgniter->run()
#10 /media/degante/DEV/test/bibliotecaupn24/system/Boot.php(67): CodeIgniter\Boot::runCodeIgniter()
#11 /media/degante/DEV/test/bibliotecaupn24/public/index.php(56): CodeIgniter\Boot::bootWeb()
#12 /media/degante/DEV/test/bibliotecaupn24/system/rewrite.php(44): require_once('...')
#13 {main}
CRITICAL - 2024-08-07 16:02:47 --> CodeIgniter\Database\Exceptions\DatabaseException: Unable to connect to the database.
Main connection [MySQLi]: Access denied for user '****'@'localhost'
[Method: GET, Route: /]
in SYSTEMPATH/Database/BaseConnection.php on line 467.
 1 SYSTEMPATH/Database/BaseConnection.php(616): CodeIgniter\Database\BaseConnection->initialize()
 2 SYSTEMPATH/Database/BaseBuilder.php(1636): CodeIgniter\Database\BaseConnection->query()
 3 SYSTEMPATH/Model.php(286): CodeIgniter\Database\BaseBuilder->get()
 4 SYSTEMPATH/BaseModel.php(676): CodeIgniter\Model->doFindAll()
 5 APPPATH/Controllers/Home.php(24): CodeIgniter\BaseModel->findAll()
 6 SYSTEMPATH/CodeIgniter.php(933): App\Controllers\Home->index()
 7 SYSTEMPATH/CodeIgniter.php(509): CodeIgniter\CodeIgniter->runController()
 8 SYSTEMPATH/CodeIgniter.php(355): CodeIgniter\CodeIgniter->handleRequest()
 9 SYSTEMPATH/Boot.php(325): CodeIgniter\CodeIgniter->run()
10 SYSTEMPATH/Boot.php(67): CodeIgniter\Boot::runCodeIgniter()
11 FCPATH/index.php(56): CodeIgniter\Boot::bootWeb()
12 SYSTEMPATH/rewrite.php(44): require_once('/media/degante/DEV/test/bibliotecaupn24/public/index.php')
INFO - 2024-08-07 16:14:09 --> Session: Class initialized using 'CodeIgniter\Session\Handlers\FileHandler' driver.
WARNING - 2024-08-07 16:14:09 --> [DEPRECATED] Creation of dynamic property App\Controllers\Home::$session is deprecated in APPPATH/Controllers/Home.php on line 16.
 1 SYSTEMPATH/CodeIgniter.php(903): App\Controllers\Home->__construct()
 2 SYSTEMPATH/CodeIgniter.php(500): CodeIgniter\CodeIgniter->createController()
 3 SYSTEMPATH/CodeIgniter.php(355): CodeIgniter\CodeIgniter->handleRequest(null, Object(Config\Cache), false)
 4 SYSTEMPATH/Boot.php(325): CodeIgniter\CodeIgniter->run()
 5 SYSTEMPATH/Boot.php(67): CodeIgniter\Boot::runCodeIgniter(Object(CodeIgniter\CodeIgniter))
 6 FCPATH/index.php(56): CodeIgniter\Boot::bootWeb(Object(Config\Paths))
 7 SYSTEMPATH/rewrite.php(44): require_once('/media/degante/DEV/test/bibliotecaupn24/public/index.php')
CRITICAL - 2024-08-07 16:14:10 --> Error: Class "DOMDocument" not found
[Method: GET, Route: /]
in APPPATH/Views/frontend/buscador.php on line 36.
 1 SYSTEMPATH/View/View.php(234): include()
 2 SYSTEMPATH/View/View.php(237): CodeIgniter\View\View->CodeIgniter\View\{closure}()
 3 SYSTEMPATH/View/View.php(487): CodeIgniter\View\View->render()
 4 APPPATH/Views/frontend/index.php(13): CodeIgniter\View\View->include()
 5 SYSTEMPATH/View/View.php(234): include('/media/degante/DEV/test/bibliotecaupn24/app/Views/frontend/index.php')
 6 SYSTEMPATH/View/View.php(237): CodeIgniter\View\View->CodeIgniter\View\{closure}()
 7 SYSTEMPATH/Common.php(1171): CodeIgniter\View\View->render()
 8 APPPATH/Controllers/Home.php(28): view()
 9 SYSTEMPATH/CodeIgniter.php(933): App\Controllers\Home->index()
10 SYSTEMPATH/CodeIgniter.php(509): CodeIgniter\CodeIgniter->runController()
11 SYSTEMPATH/CodeIgniter.php(355): CodeIgniter\CodeIgniter->handleRequest()
12 SYSTEMPATH/Boot.php(325): CodeIgniter\CodeIgniter->run()
13 SYSTEMPATH/Boot.php(67): CodeIgniter\Boot::runCodeIgniter()
14 FCPATH/index.php(56): CodeIgniter\Boot::bootWeb()
15 SYSTEMPATH/rewrite.php(44): require_once('/media/degante/DEV/test/bibliotecaupn24/public/index.php')
INFO - 2024-08-07 16:16:16 --> Session: Class initialized using 'CodeIgniter\Session\Handlers\FileHandler' driver.
WARNING - 2024-08-07 16:16:16 --> [DEPRECATED] Creation of dynamic property App\Controllers\Home::$session is deprecated in APPPATH/Controllers/Home.php on line 16.
 1 SYSTEMPATH/CodeIgniter.php(903): App\Controllers\Home->__construct()
 2 SYSTEMPATH/CodeIgniter.php(500): CodeIgniter\CodeIgniter->createController()
 3 SYSTEMPATH/CodeIgniter.php(355): CodeIgniter\CodeIgniter->handleRequest(null, Object(Config\Cache), false)
 4 SYSTEMPATH/Boot.php(325): CodeIgniter\CodeIgniter->run()
 5 SYSTEMPATH/Boot.php(67): CodeIgniter\Boot::runCodeIgniter(Object(CodeIgniter\CodeIgniter))
 6 FCPATH/index.php(56): CodeIgniter\Boot::bootWeb(Object(Config\Paths))
 7 SYSTEMPATH/rewrite.php(44): require_once('/media/degante/DEV/test/bibliotecaupn24/public/index.php')
INFO - 2024-08-07 16:19:01 --> Session: Class initialized using 'CodeIgniter\Session\Handlers\FileHandler' driver.
WARNING - 2024-08-07 16:19:01 --> [DEPRECATED] Creation of dynamic property App\Controllers\Home::$session is deprecated in APPPATH/Controllers/Home.php on line 16.
 1 SYSTEMPATH/CodeIgniter.php(903): App\Controllers\Home->__construct()
 2 SYSTEMPATH/CodeIgniter.php(500): CodeIgniter\CodeIgniter->createController()
 3 SYSTEMPATH/CodeIgniter.php(355): CodeIgniter\CodeIgniter->handleRequest(null, Object(Config\Cache), false)
 4 SYSTEMPATH/Boot.php(325): CodeIgniter\CodeIgniter->run()
 5 SYSTEMPATH/Boot.php(67): CodeIgniter\Boot::runCodeIgniter(Object(CodeIgniter\CodeIgniter))
 6 FCPATH/index.php(56): CodeIgniter\Boot::bootWeb(Object(Config\Paths))
 7 SYSTEMPATH/rewrite.php(44): require_once('/media/degante/DEV/test/bibliotecaupn24/public/index.php')
INFO - 2024-08-07 16:23:17 --> Session: Class initialized using 'CodeIgniter\Session\Handlers\FileHandler' driver.
WARNING - 2024-08-07 16:23:17 --> [DEPRECATED] Creation of dynamic property App\Controllers\Home::$session is deprecated in APPPATH/Controllers/Home.php on line 16.
 1 SYSTEMPATH/CodeIgniter.php(903): App\Controllers\Home->__construct()
 2 SYSTEMPATH/CodeIgniter.php(500): CodeIgniter\CodeIgniter->createController()
 3 SYSTEMPATH/CodeIgniter.php(355): CodeIgniter\CodeIgniter->handleRequest(null, Object(Config\Cache), false)
 4 SYSTEMPATH/Boot.php(325): CodeIgniter\CodeIgniter->run()
 5 SYSTEMPATH/Boot.php(67): CodeIgniter\Boot::runCodeIgniter(Object(CodeIgniter\CodeIgniter))
 6 FCPATH/index.php(56): CodeIgniter\Boot::bootWeb(Object(Config\Paths))
 7 SYSTEMPATH/rewrite.php(44): require_once('/media/degante/DEV/test/bibliotecaupn24/public/index.php')
INFO - 2024-08-07 16:23:37 --> Session: Class initialized using 'CodeIgniter\Session\Handlers\FileHandler' driver.
WARNING - 2024-08-07 16:23:37 --> [DEPRECATED] Creation of dynamic property App\Controllers\Home::$session is deprecated in APPPATH/Controllers/Home.php on line 16.
 1 SYSTEMPATH/CodeIgniter.php(903): App\Controllers\Home->__construct()
 2 SYSTEMPATH/CodeIgniter.php(500): CodeIgniter\CodeIgniter->createController()
 3 SYSTEMPATH/CodeIgniter.php(355): CodeIgniter\CodeIgniter->handleRequest(null, Object(Config\Cache), false)
 4 SYSTEMPATH/Boot.php(325): CodeIgniter\CodeIgniter->run()
 5 SYSTEMPATH/Boot.php(67): CodeIgniter\Boot::runCodeIgniter(Object(CodeIgniter\CodeIgniter))
 6 FCPATH/index.php(56): CodeIgniter\Boot::bootWeb(Object(Config\Paths))
 7 SYSTEMPATH/rewrite.php(44): require_once('/media/degante/DEV/test/bibliotecaupn24/public/index.php')
INFO - 2024-08-07 16:26:01 --> Session: Class initialized using 'CodeIgniter\Session\Handlers\FileHandler' driver.
WARNING - 2024-08-07 16:26:01 --> [DEPRECATED] Creation of dynamic property App\Controllers\Home::$session is deprecated in APPPATH/Controllers/Home.php on line 16.
 1 SYSTEMPATH/CodeIgniter.php(903): App\Controllers\Home->__construct()
 2 SYSTEMPATH/CodeIgniter.php(500): CodeIgniter\CodeIgniter->createController()
 3 SYSTEMPATH/CodeIgniter.php(355): CodeIgniter\CodeIgniter->handleRequest(null, Object(Config\Cache), false)
 4 SYSTEMPATH/Boot.php(325): CodeIgniter\CodeIgniter->run()
 5 SYSTEMPATH/Boot.php(67): CodeIgniter\Boot::runCodeIgniter(Object(CodeIgniter\CodeIgniter))
 6 FCPATH/index.php(56): CodeIgniter\Boot::bootWeb(Object(Config\Paths))
 7 SYSTEMPATH/rewrite.php(44): require_once('/media/degante/DEV/test/bibliotecaupn24/public/index.php')
INFO - 2024-08-07 16:27:02 --> Session: Class initialized using 'CodeIgniter\Session\Handlers\FileHandler' driver.
WARNING - 2024-08-07 16:27:02 --> [DEPRECATED] Creation of dynamic property App\Controllers\Home::$session is deprecated in APPPATH/Controllers/Home.php on line 16.
 1 SYSTEMPATH/CodeIgniter.php(903): App\Controllers\Home->__construct()
 2 SYSTEMPATH/CodeIgniter.php(500): CodeIgniter\CodeIgniter->createController()
 3 SYSTEMPATH/CodeIgniter.php(355): CodeIgniter\CodeIgniter->handleRequest(null, Object(Config\Cache), false)
 4 SYSTEMPATH/Boot.php(325): CodeIgniter\CodeIgniter->run()
 5 SYSTEMPATH/Boot.php(67): CodeIgniter\Boot::runCodeIgniter(Object(CodeIgniter\CodeIgniter))
 6 FCPATH/index.php(56): CodeIgniter\Boot::bootWeb(Object(Config\Paths))
 7 SYSTEMPATH/rewrite.php(44): require_once('/media/degante/DEV/test/bibliotecaupn24/public/index.php')
INFO - 2024-08-07 16:28:40 --> Session: Class initialized using 'CodeIgniter\Session\Handlers\FileHandler' driver.
WARNING - 2024-08-07 16:28:40 --> [DEPRECATED] Creation of dynamic property App\Controllers\Home::$session is deprecated in APPPATH/Controllers/Home.php on line 16.
 1 SYSTEMPATH/CodeIgniter.php(903): App\Controllers\Home->__construct()
 2 SYSTEMPATH/CodeIgniter.php(500): CodeIgniter\CodeIgniter->createController()
 3 SYSTEMPATH/CodeIgniter.php(355): CodeIgniter\CodeIgniter->handleRequest(null, Object(Config\Cache), false)
 4 SYSTEMPATH/Boot.php(325): CodeIgniter\CodeIgniter->run()
 5 SYSTEMPATH/Boot.php(67): CodeIgniter\Boot::runCodeIgniter(Object(CodeIgniter\CodeIgniter))
 6 FCPATH/index.php(56): CodeIgniter\Boot::bootWeb(Object(Config\Paths))
 7 SYSTEMPATH/rewrite.php(44): require_once('/media/degante/DEV/test/bibliotecaupn24/public/index.php')
INFO - 2024-08-07 21:35:29 --> Session: Class initialized using 'CodeIgniter\Session\Handlers\FileHandler' driver.
WARNING - 2024-08-07 21:35:29 --> [DEPRECATED] Creation of dynamic property App\Controllers\Home::$session is deprecated in APPPATH/Controllers/Home.php on line 16.
 1 SYSTEMPATH/CodeIgniter.php(903): App\Controllers\Home->__construct()
 2 SYSTEMPATH/CodeIgniter.php(500): CodeIgniter\CodeIgniter->createController()
 3 SYSTEMPATH/CodeIgniter.php(355): CodeIgniter\CodeIgniter->handleRequest(null, Object(Config\Cache), false)
 4 SYSTEMPATH/Boot.php(325): CodeIgniter\CodeIgniter->run()
 5 SYSTEMPATH/Boot.php(67): CodeIgniter\Boot::runCodeIgniter(Object(CodeIgniter\CodeIgniter))
 6 FCPATH/index.php(56): CodeIgniter\Boot::bootWeb(Object(Config\Paths))
 7 SYSTEMPATH/rewrite.php(44): require_once('/run/media/degante/DEV/test/bibliotecaupn24/public/index.php')
ERROR - 2024-08-07 21:35:29 --> Error connecting to the database: mysqli_sql_exception: Unknown database 'bibliotecaupn24' in /run/media/degante/DEV/test/bibliotecaupn24/system/Database/MySQLi/Connection.php:186
Stack trace:
#0 /run/media/degante/DEV/test/bibliotecaupn24/system/Database/MySQLi/Connection.php(186): mysqli->real_connect()
#1 /run/media/degante/DEV/test/bibliotecaupn24/system/Database/BaseConnection.php(421): CodeIgniter\Database\MySQLi\Connection->connect()
#2 /run/media/degante/DEV/test/bibliotecaupn24/system/Database/BaseConnection.php(616): CodeIgniter\Database\BaseConnection->initialize()
#3 /run/media/degante/DEV/test/bibliotecaupn24/system/Database/BaseBuilder.php(1636): CodeIgniter\Database\BaseConnection->query()
#4 /run/media/degante/DEV/test/bibliotecaupn24/system/Model.php(286): CodeIgniter\Database\BaseBuilder->get()
#5 /run/media/degante/DEV/test/bibliotecaupn24/system/BaseModel.php(676): CodeIgniter\Model->doFindAll()
#6 /run/media/degante/DEV/test/bibliotecaupn24/app/Controllers/Home.php(24): CodeIgniter\BaseModel->findAll()
#7 /run/media/degante/DEV/test/bibliotecaupn24/system/CodeIgniter.php(933): App\Controllers\Home->index()
#8 /run/media/degante/DEV/test/bibliotecaupn24/system/CodeIgniter.php(509): CodeIgniter\CodeIgniter->runController()
#9 /run/media/degante/DEV/test/bibliotecaupn24/system/CodeIgniter.php(355): CodeIgniter\CodeIgniter->handleRequest()
#10 /run/media/degante/DEV/test/bibliotecaupn24/system/Boot.php(325): CodeIgniter\CodeIgniter->run()
#11 /run/media/degante/DEV/test/bibliotecaupn24/system/Boot.php(67): CodeIgniter\Boot::runCodeIgniter()
#12 /run/media/degante/DEV/test/bibliotecaupn24/public/index.php(56): CodeIgniter\Boot::bootWeb()
#13 /run/media/degante/DEV/test/bibliotecaupn24/system/rewrite.php(44): require_once('...')
#14 {main}

Next CodeIgniter\Database\Exceptions\DatabaseException: Unknown database 'bibliotecaupn24' in /run/media/degante/DEV/test/bibliotecaupn24/system/Database/MySQLi/Connection.php:231
Stack trace:
#0 /run/media/degante/DEV/test/bibliotecaupn24/system/Database/BaseConnection.php(421): CodeIgniter\Database\MySQLi\Connection->connect()
#1 /run/media/degante/DEV/test/bibliotecaupn24/system/Database/BaseConnection.php(616): CodeIgniter\Database\BaseConnection->initialize()
#2 /run/media/degante/DEV/test/bibliotecaupn24/system/Database/BaseBuilder.php(1636): CodeIgniter\Database\BaseConnection->query()
#3 /run/media/degante/DEV/test/bibliotecaupn24/system/Model.php(286): CodeIgniter\Database\BaseBuilder->get()
#4 /run/media/degante/DEV/test/bibliotecaupn24/system/BaseModel.php(676): CodeIgniter\Model->doFindAll()
#5 /run/media/degante/DEV/test/bibliotecaupn24/app/Controllers/Home.php(24): CodeIgniter\BaseModel->findAll()
#6 /run/media/degante/DEV/test/bibliotecaupn24/system/CodeIgniter.php(933): App\Controllers\Home->index()
#7 /run/media/degante/DEV/test/bibliotecaupn24/system/CodeIgniter.php(509): CodeIgniter\CodeIgniter->runController()
#8 /run/media/degante/DEV/test/bibliotecaupn24/system/CodeIgniter.php(355): CodeIgniter\CodeIgniter->handleRequest()
#9 /run/media/degante/DEV/test/bibliotecaupn24/system/Boot.php(325): CodeIgniter\CodeIgniter->run()
#10 /run/media/degante/DEV/test/bibliotecaupn24/system/Boot.php(67): CodeIgniter\Boot::runCodeIgniter()
#11 /run/media/degante/DEV/test/bibliotecaupn24/public/index.php(56): CodeIgniter\Boot::bootWeb()
#12 /run/media/degante/DEV/test/bibliotecaupn24/system/rewrite.php(44): require_once('...')
#13 {main}
CRITICAL - 2024-08-07 21:35:29 --> CodeIgniter\Database\Exceptions\DatabaseException: Unable to connect to the database.
Main connection [MySQLi]: Unknown database 'bibliotecaupn24'
[Method: GET, Route: /]
in SYSTEMPATH/Database/BaseConnection.php on line 467.
 1 SYSTEMPATH/Database/BaseConnection.php(616): CodeIgniter\Database\BaseConnection->initialize()
 2 SYSTEMPATH/Database/BaseBuilder.php(1636): CodeIgniter\Database\BaseConnection->query()
 3 SYSTEMPATH/Model.php(286): CodeIgniter\Database\BaseBuilder->get()
 4 SYSTEMPATH/BaseModel.php(676): CodeIgniter\Model->doFindAll()
 5 APPPATH/Controllers/Home.php(24): CodeIgniter\BaseModel->findAll()
 6 SYSTEMPATH/CodeIgniter.php(933): App\Controllers\Home->index()
 7 SYSTEMPATH/CodeIgniter.php(509): CodeIgniter\CodeIgniter->runController()
 8 SYSTEMPATH/CodeIgniter.php(355): CodeIgniter\CodeIgniter->handleRequest()
 9 SYSTEMPATH/Boot.php(325): CodeIgniter\CodeIgniter->run()
10 SYSTEMPATH/Boot.php(67): CodeIgniter\Boot::runCodeIgniter()
11 FCPATH/index.php(56): CodeIgniter\Boot::bootWeb()
12 SYSTEMPATH/rewrite.php(44): require_once('/run/media/degante/DEV/test/bibliotecaupn24/public/index.php')
INFO - 2024-08-07 21:35:50 --> Session: Class initialized using 'CodeIgniter\Session\Handlers\FileHandler' driver.
WARNING - 2024-08-07 21:35:50 --> [DEPRECATED] Creation of dynamic property App\Controllers\Home::$session is deprecated in APPPATH/Controllers/Home.php on line 16.
 1 SYSTEMPATH/CodeIgniter.php(903): App\Controllers\Home->__construct()
 2 SYSTEMPATH/CodeIgniter.php(500): CodeIgniter\CodeIgniter->createController()
 3 SYSTEMPATH/CodeIgniter.php(355): CodeIgniter\CodeIgniter->handleRequest(null, Object(Config\Cache), false)
 4 SYSTEMPATH/Boot.php(325): CodeIgniter\CodeIgniter->run()
 5 SYSTEMPATH/Boot.php(67): CodeIgniter\Boot::runCodeIgniter(Object(CodeIgniter\CodeIgniter))
 6 FCPATH/index.php(56): CodeIgniter\Boot::bootWeb(Object(Config\Paths))
 7 SYSTEMPATH/rewrite.php(44): require_once('/run/media/degante/DEV/test/bibliotecaupn24/public/index.php')
INFO - 2024-08-07 21:48:51 --> Session: Class initialized using 'CodeIgniter\Session\Handlers\FileHandler' driver.
WARNING - 2024-08-07 21:48:51 --> [DEPRECATED] Creation of dynamic property App\Controllers\Home::$session is deprecated in APPPATH/Controllers/Home.php on line 16.
 1 SYSTEMPATH/CodeIgniter.php(903): App\Controllers\Home->__construct()
 2 SYSTEMPATH/CodeIgniter.php(500): CodeIgniter\CodeIgniter->createController()
 3 SYSTEMPATH/CodeIgniter.php(355): CodeIgniter\CodeIgniter->handleRequest(null, Object(Config\Cache), false)
 4 SYSTEMPATH/Boot.php(325): CodeIgniter\CodeIgniter->run()
 5 SYSTEMPATH/Boot.php(67): CodeIgniter\Boot::runCodeIgniter(Object(CodeIgniter\CodeIgniter))
 6 FCPATH/index.php(56): CodeIgniter\Boot::bootWeb(Object(Config\Paths))
 7 SYSTEMPATH/rewrite.php(44): require_once('/run/media/degante/DEV/test/bibliotecaupn24/public/index.php')
CRITICAL - 2024-08-07 21:48:51 --> ErrorException: require(mega.php): Failed to open stream: No such file or directory
[Method: GET, Route: /]
in APPPATH/Views/frontend/buscador.php on line 19.
 1 APPPATH/Views/frontend/buscador.php(19): CodeIgniter\Debug\Exceptions->errorHandler()
 2 APPPATH/Views/frontend/buscador.php(19): require()
 3 SYSTEMPATH/View/View.php(234): include('/run/media/degante/DEV/test/bibliotecaupn24/app/Views/frontend/buscador.php')
 4 SYSTEMPATH/View/View.php(237): CodeIgniter\View\View->CodeIgniter\View\{closure}()
 5 SYSTEMPATH/View/View.php(487): CodeIgniter\View\View->render()
 6 APPPATH/Views/frontend/index.php(13): CodeIgniter\View\View->include()
 7 SYSTEMPATH/View/View.php(234): include('/run/media/degante/DEV/test/bibliotecaupn24/app/Views/frontend/index.php')
 8 SYSTEMPATH/View/View.php(237): CodeIgniter\View\View->CodeIgniter\View\{closure}()
 9 SYSTEMPATH/Common.php(1171): CodeIgniter\View\View->render()
10 APPPATH/Controllers/Home.php(28): view()
11 SYSTEMPATH/CodeIgniter.php(933): App\Controllers\Home->index()
12 SYSTEMPATH/CodeIgniter.php(509): CodeIgniter\CodeIgniter->runController()
13 SYSTEMPATH/CodeIgniter.php(355): CodeIgniter\CodeIgniter->handleRequest()
14 SYSTEMPATH/Boot.php(325): CodeIgniter\CodeIgniter->run()
15 SYSTEMPATH/Boot.php(67): CodeIgniter\Boot::runCodeIgniter()
16 FCPATH/index.php(56): CodeIgniter\Boot::bootWeb()
17 SYSTEMPATH/rewrite.php(44): require_once('/run/media/degante/DEV/test/bibliotecaupn24/public/index.php')
INFO - 2024-08-07 21:49:03 --> Session: Class initialized using 'CodeIgniter\Session\Handlers\FileHandler' driver.
WARNING - 2024-08-07 21:49:03 --> [DEPRECATED] Creation of dynamic property App\Controllers\Home::$session is deprecated in APPPATH/Controllers/Home.php on line 16.
 1 SYSTEMPATH/CodeIgniter.php(903): App\Controllers\Home->__construct()
 2 SYSTEMPATH/CodeIgniter.php(500): CodeIgniter\CodeIgniter->createController()
 3 SYSTEMPATH/CodeIgniter.php(355): CodeIgniter\CodeIgniter->handleRequest(null, Object(Config\Cache), false)
 4 SYSTEMPATH/Boot.php(325): CodeIgniter\CodeIgniter->run()
 5 SYSTEMPATH/Boot.php(67): CodeIgniter\Boot::runCodeIgniter(Object(CodeIgniter\CodeIgniter))
 6 FCPATH/index.php(56): CodeIgniter\Boot::bootWeb(Object(Config\Paths))
 7 SYSTEMPATH/rewrite.php(44): require_once('/run/media/degante/DEV/test/bibliotecaupn24/public/index.php')
CRITICAL - 2024-08-07 21:49:03 --> Error: Call to undefined function mcrypt_get_iv_size()
[Method: GET, Route: /]
in APPPATH/Views/frontend/mega.class.php on line 1015.
 1 APPPATH/Views/frontend/mega.class.php(985): MEGACrypto::encrypt_aes_cbc()
 2 APPPATH/Views/frontend/mega.class.php(993): MEGACrypto::prepare_key()
 3 APPPATH/Views/frontend/mega.class.php(548): MEGACrypto::prepare_key_pw()
 4 APPPATH/Views/frontend/mega.class.php(63): MEGA->user_login_session()
 5 APPPATH/Views/frontend/buscador.php(26): MEGA::create_from_login()
 6 SYSTEMPATH/View/View.php(234): include('/run/media/degante/DEV/test/bibliotecaupn24/app/Views/frontend/buscador.php')
 7 SYSTEMPATH/View/View.php(237): CodeIgniter\View\View->CodeIgniter\View\{closure}()
 8 SYSTEMPATH/View/View.php(487): CodeIgniter\View\View->render()
 9 APPPATH/Views/frontend/index.php(13): CodeIgniter\View\View->include()
10 SYSTEMPATH/View/View.php(234): include('/run/media/degante/DEV/test/bibliotecaupn24/app/Views/frontend/index.php')
11 SYSTEMPATH/View/View.php(237): CodeIgniter\View\View->CodeIgniter\View\{closure}()
12 SYSTEMPATH/Common.php(1171): CodeIgniter\View\View->render()
13 APPPATH/Controllers/Home.php(28): view()
14 SYSTEMPATH/CodeIgniter.php(933): App\Controllers\Home->index()
15 SYSTEMPATH/CodeIgniter.php(509): CodeIgniter\CodeIgniter->runController()
16 SYSTEMPATH/CodeIgniter.php(355): CodeIgniter\CodeIgniter->handleRequest()
17 SYSTEMPATH/Boot.php(325): CodeIgniter\CodeIgniter->run()
18 SYSTEMPATH/Boot.php(67): CodeIgniter\Boot::runCodeIgniter()
19 FCPATH/index.php(56): CodeIgniter\Boot::bootWeb()
20 SYSTEMPATH/rewrite.php(44): require_once('/run/media/degante/DEV/test/bibliotecaupn24/public/index.php')
INFO - 2024-08-07 21:50:08 --> Session: Class initialized using 'CodeIgniter\Session\Handlers\FileHandler' driver.
WARNING - 2024-08-07 21:50:08 --> [DEPRECATED] Creation of dynamic property App\Controllers\Home::$session is deprecated in APPPATH/Controllers/Home.php on line 16.
 1 SYSTEMPATH/CodeIgniter.php(903): App\Controllers\Home->__construct()
 2 SYSTEMPATH/CodeIgniter.php(500): CodeIgniter\CodeIgniter->createController()
 3 SYSTEMPATH/CodeIgniter.php(355): CodeIgniter\CodeIgniter->handleRequest(null, Object(Config\Cache), false)
 4 SYSTEMPATH/Boot.php(325): CodeIgniter\CodeIgniter->run()
 5 SYSTEMPATH/Boot.php(67): CodeIgniter\Boot::runCodeIgniter(Object(CodeIgniter\CodeIgniter))
 6 FCPATH/index.php(56): CodeIgniter\Boot::bootWeb(Object(Config\Paths))
 7 SYSTEMPATH/rewrite.php(44): require_once('/run/media/degante/DEV/test/bibliotecaupn24/public/index.php')
CRITICAL - 2024-08-07 21:50:08 --> Error: Call to undefined function mcrypt_get_iv_size()
[Method: GET, Route: /]
in APPPATH/Views/frontend/mega.class.php on line 1015.
 1 APPPATH/Views/frontend/mega.class.php(985): MEGACrypto::encrypt_aes_cbc()
 2 APPPATH/Views/frontend/mega.class.php(993): MEGACrypto::prepare_key()
 3 APPPATH/Views/frontend/mega.class.php(548): MEGACrypto::prepare_key_pw()
 4 APPPATH/Views/frontend/mega.class.php(63): MEGA->user_login_session()
 5 APPPATH/Views/frontend/buscador.php(26): MEGA::create_from_login()
 6 SYSTEMPATH/View/View.php(234): include('/run/media/degante/DEV/test/bibliotecaupn24/app/Views/frontend/buscador.php')
 7 SYSTEMPATH/View/View.php(237): CodeIgniter\View\View->CodeIgniter\View\{closure}()
 8 SYSTEMPATH/View/View.php(487): CodeIgniter\View\View->render()
 9 APPPATH/Views/frontend/index.php(13): CodeIgniter\View\View->include()
10 SYSTEMPATH/View/View.php(234): include('/run/media/degante/DEV/test/bibliotecaupn24/app/Views/frontend/index.php')
11 SYSTEMPATH/View/View.php(237): CodeIgniter\View\View->CodeIgniter\View\{closure}()
12 SYSTEMPATH/Common.php(1171): CodeIgniter\View\View->render()
13 APPPATH/Controllers/Home.php(28): view()
14 SYSTEMPATH/CodeIgniter.php(933): App\Controllers\Home->index()
15 SYSTEMPATH/CodeIgniter.php(509): CodeIgniter\CodeIgniter->runController()
16 SYSTEMPATH/CodeIgniter.php(355): CodeIgniter\CodeIgniter->handleRequest()
17 SYSTEMPATH/Boot.php(325): CodeIgniter\CodeIgniter->run()
18 SYSTEMPATH/Boot.php(67): CodeIgniter\Boot::runCodeIgniter()
19 FCPATH/index.php(56): CodeIgniter\Boot::bootWeb()
20 SYSTEMPATH/rewrite.php(44): require_once('/run/media/degante/DEV/test/bibliotecaupn24/public/index.php')
INFO - 2024-08-07 21:50:10 --> Session: Class initialized using 'CodeIgniter\Session\Handlers\FileHandler' driver.
WARNING - 2024-08-07 21:50:10 --> [DEPRECATED] Creation of dynamic property App\Controllers\Home::$session is deprecated in APPPATH/Controllers/Home.php on line 16.
 1 SYSTEMPATH/CodeIgniter.php(903): App\Controllers\Home->__construct()
 2 SYSTEMPATH/CodeIgniter.php(500): CodeIgniter\CodeIgniter->createController()
 3 SYSTEMPATH/CodeIgniter.php(355): CodeIgniter\CodeIgniter->handleRequest(null, Object(Config\Cache), false)
 4 SYSTEMPATH/Boot.php(325): CodeIgniter\CodeIgniter->run()
 5 SYSTEMPATH/Boot.php(67): CodeIgniter\Boot::runCodeIgniter(Object(CodeIgniter\CodeIgniter))
 6 FCPATH/index.php(56): CodeIgniter\Boot::bootWeb(Object(Config\Paths))
 7 SYSTEMPATH/rewrite.php(44): require_once('/run/media/degante/DEV/test/bibliotecaupn24/public/index.php')
CRITICAL - 2024-08-07 21:50:10 --> Error: Call to undefined function mcrypt_get_iv_size()
[Method: GET, Route: /]
in APPPATH/Views/frontend/mega.class.php on line 1015.
 1 APPPATH/Views/frontend/mega.class.php(985): MEGACrypto::encrypt_aes_cbc()
 2 APPPATH/Views/frontend/mega.class.php(993): MEGACrypto::prepare_key()
 3 APPPATH/Views/frontend/mega.class.php(548): MEGACrypto::prepare_key_pw()
 4 APPPATH/Views/frontend/mega.class.php(63): MEGA->user_login_session()
 5 APPPATH/Views/frontend/buscador.php(26): MEGA::create_from_login()
 6 SYSTEMPATH/View/View.php(234): include('/run/media/degante/DEV/test/bibliotecaupn24/app/Views/frontend/buscador.php')
 7 SYSTEMPATH/View/View.php(237): CodeIgniter\View\View->CodeIgniter\View\{closure}()
 8 SYSTEMPATH/View/View.php(487): CodeIgniter\View\View->render()
 9 APPPATH/Views/frontend/index.php(13): CodeIgniter\View\View->include()
10 SYSTEMPATH/View/View.php(234): include('/run/media/degante/DEV/test/bibliotecaupn24/app/Views/frontend/index.php')
11 SYSTEMPATH/View/View.php(237): CodeIgniter\View\View->CodeIgniter\View\{closure}()
12 SYSTEMPATH/Common.php(1171): CodeIgniter\View\View->render()
13 APPPATH/Controllers/Home.php(28): view()
14 SYSTEMPATH/CodeIgniter.php(933): App\Controllers\Home->index()
15 SYSTEMPATH/CodeIgniter.php(509): CodeIgniter\CodeIgniter->runController()
16 SYSTEMPATH/CodeIgniter.php(355): CodeIgniter\CodeIgniter->handleRequest()
17 SYSTEMPATH/Boot.php(325): CodeIgniter\CodeIgniter->run()
18 SYSTEMPATH/Boot.php(67): CodeIgniter\Boot::runCodeIgniter()
19 FCPATH/index.php(56): CodeIgniter\Boot::bootWeb()
20 SYSTEMPATH/rewrite.php(44): require_once('/run/media/degante/DEV/test/bibliotecaupn24/public/index.php')
INFO - 2024-08-07 21:50:14 --> Session: Class initialized using 'CodeIgniter\Session\Handlers\FileHandler' driver.
WARNING - 2024-08-07 21:50:14 --> [DEPRECATED] Creation of dynamic property App\Controllers\Home::$session is deprecated in APPPATH/Controllers/Home.php on line 16.
 1 SYSTEMPATH/CodeIgniter.php(903): App\Controllers\Home->__construct()
 2 SYSTEMPATH/CodeIgniter.php(500): CodeIgniter\CodeIgniter->createController()
 3 SYSTEMPATH/CodeIgniter.php(355): CodeIgniter\CodeIgniter->handleRequest(null, Object(Config\Cache), false)
 4 SYSTEMPATH/Boot.php(325): CodeIgniter\CodeIgniter->run()
 5 SYSTEMPATH/Boot.php(67): CodeIgniter\Boot::runCodeIgniter(Object(CodeIgniter\CodeIgniter))
 6 FCPATH/index.php(56): CodeIgniter\Boot::bootWeb(Object(Config\Paths))
 7 SYSTEMPATH/rewrite.php(44): require_once('/run/media/degante/DEV/test/bibliotecaupn24/public/index.php')
CRITICAL - 2024-08-07 21:50:14 --> Error: Call to undefined function mcrypt_get_iv_size()
[Method: GET, Route: /]
in APPPATH/Views/frontend/mega.class.php on line 1015.
 1 APPPATH/Views/frontend/mega.class.php(985): MEGACrypto::encrypt_aes_cbc()
 2 APPPATH/Views/frontend/mega.class.php(993): MEGACrypto::prepare_key()
 3 APPPATH/Views/frontend/mega.class.php(548): MEGACrypto::prepare_key_pw()
 4 APPPATH/Views/frontend/mega.class.php(63): MEGA->user_login_session()
 5 APPPATH/Views/frontend/buscador.php(26): MEGA::create_from_login()
 6 SYSTEMPATH/View/View.php(234): include('/run/media/degante/DEV/test/bibliotecaupn24/app/Views/frontend/buscador.php')
 7 SYSTEMPATH/View/View.php(237): CodeIgniter\View\View->CodeIgniter\View\{closure}()
 8 SYSTEMPATH/View/View.php(487): CodeIgniter\View\View->render()
 9 APPPATH/Views/frontend/index.php(13): CodeIgniter\View\View->include()
10 SYSTEMPATH/View/View.php(234): include('/run/media/degante/DEV/test/bibliotecaupn24/app/Views/frontend/index.php')
11 SYSTEMPATH/View/View.php(237): CodeIgniter\View\View->CodeIgniter\View\{closure}()
12 SYSTEMPATH/Common.php(1171): CodeIgniter\View\View->render()
13 APPPATH/Controllers/Home.php(28): view()
14 SYSTEMPATH/CodeIgniter.php(933): App\Controllers\Home->index()
15 SYSTEMPATH/CodeIgniter.php(509): CodeIgniter\CodeIgniter->runController()
16 SYSTEMPATH/CodeIgniter.php(355): CodeIgniter\CodeIgniter->handleRequest()
17 SYSTEMPATH/Boot.php(325): CodeIgniter\CodeIgniter->run()
18 SYSTEMPATH/Boot.php(67): CodeIgniter\Boot::runCodeIgniter()
19 FCPATH/index.php(56): CodeIgniter\Boot::bootWeb()
20 SYSTEMPATH/rewrite.php(44): require_once('/run/media/degante/DEV/test/bibliotecaupn24/public/index.php')
INFO - 2024-08-07 21:50:16 --> Session: Class initialized using 'CodeIgniter\Session\Handlers\FileHandler' driver.
WARNING - 2024-08-07 21:50:16 --> [DEPRECATED] Creation of dynamic property App\Controllers\Home::$session is deprecated in APPPATH/Controllers/Home.php on line 16.
 1 SYSTEMPATH/CodeIgniter.php(903): App\Controllers\Home->__construct()
 2 SYSTEMPATH/CodeIgniter.php(500): CodeIgniter\CodeIgniter->createController()
 3 SYSTEMPATH/CodeIgniter.php(355): CodeIgniter\CodeIgniter->handleRequest(null, Object(Config\Cache), false)
 4 SYSTEMPATH/Boot.php(325): CodeIgniter\CodeIgniter->run()
 5 SYSTEMPATH/Boot.php(67): CodeIgniter\Boot::runCodeIgniter(Object(CodeIgniter\CodeIgniter))
 6 FCPATH/index.php(56): CodeIgniter\Boot::bootWeb(Object(Config\Paths))
 7 SYSTEMPATH/rewrite.php(44): require_once('/run/media/degante/DEV/test/bibliotecaupn24/public/index.php')
CRITICAL - 2024-08-07 21:50:16 --> Error: Call to undefined function mcrypt_get_iv_size()
[Method: GET, Route: /]
in APPPATH/Views/frontend/mega.class.php on line 1015.
 1 APPPATH/Views/frontend/mega.class.php(985): MEGACrypto::encrypt_aes_cbc()
 2 APPPATH/Views/frontend/mega.class.php(993): MEGACrypto::prepare_key()
 3 APPPATH/Views/frontend/mega.class.php(548): MEGACrypto::prepare_key_pw()
 4 APPPATH/Views/frontend/mega.class.php(63): MEGA->user_login_session()
 5 APPPATH/Views/frontend/buscador.php(26): MEGA::create_from_login()
 6 SYSTEMPATH/View/View.php(234): include('/run/media/degante/DEV/test/bibliotecaupn24/app/Views/frontend/buscador.php')
 7 SYSTEMPATH/View/View.php(237): CodeIgniter\View\View->CodeIgniter\View\{closure}()
 8 SYSTEMPATH/View/View.php(487): CodeIgniter\View\View->render()
 9 APPPATH/Views/frontend/index.php(13): CodeIgniter\View\View->include()
10 SYSTEMPATH/View/View.php(234): include('/run/media/degante/DEV/test/bibliotecaupn24/app/Views/frontend/index.php')
11 SYSTEMPATH/View/View.php(237): CodeIgniter\View\View->CodeIgniter\View\{closure}()
12 SYSTEMPATH/Common.php(1171): CodeIgniter\View\View->render()
13 APPPATH/Controllers/Home.php(28): view()
14 SYSTEMPATH/CodeIgniter.php(933): App\Controllers\Home->index()
15 SYSTEMPATH/CodeIgniter.php(509): CodeIgniter\CodeIgniter->runController()
16 SYSTEMPATH/CodeIgniter.php(355): CodeIgniter\CodeIgniter->handleRequest()
17 SYSTEMPATH/Boot.php(325): CodeIgniter\CodeIgniter->run()
18 SYSTEMPATH/Boot.php(67): CodeIgniter\Boot::runCodeIgniter()
19 FCPATH/index.php(56): CodeIgniter\Boot::bootWeb()
20 SYSTEMPATH/rewrite.php(44): require_once('/run/media/degante/DEV/test/bibliotecaupn24/public/index.php')
INFO - 2024-08-07 21:51:13 --> Session: Class initialized using 'CodeIgniter\Session\Handlers\FileHandler' driver.
WARNING - 2024-08-07 21:51:13 --> [DEPRECATED] Creation of dynamic property App\Controllers\Home::$session is deprecated in APPPATH/Controllers/Home.php on line 16.
 1 SYSTEMPATH/CodeIgniter.php(903): App\Controllers\Home->__construct()
 2 SYSTEMPATH/CodeIgniter.php(500): CodeIgniter\CodeIgniter->createController()
 3 SYSTEMPATH/CodeIgniter.php(355): CodeIgniter\CodeIgniter->handleRequest(null, Object(Config\Cache), false)
 4 SYSTEMPATH/Boot.php(325): CodeIgniter\CodeIgniter->run()
 5 SYSTEMPATH/Boot.php(67): CodeIgniter\Boot::runCodeIgniter(Object(CodeIgniter\CodeIgniter))
 6 FCPATH/index.php(56): CodeIgniter\Boot::bootWeb(Object(Config\Paths))
 7 SYSTEMPATH/rewrite.php(44): require_once('/run/media/degante/DEV/test/bibliotecaupn24/public/index.php')
CRITICAL - 2024-08-07 21:51:13 --> Error: Call to undefined function mcrypt_get_iv_size()
[Method: GET, Route: /]
in APPPATH/Views/frontend/mega.class.php on line 1015.
 1 APPPATH/Views/frontend/mega.class.php(985): MEGACrypto::encrypt_aes_cbc()
 2 APPPATH/Views/frontend/mega.class.php(993): MEGACrypto::prepare_key()
 3 APPPATH/Views/frontend/mega.class.php(548): MEGACrypto::prepare_key_pw()
 4 APPPATH/Views/frontend/mega.class.php(63): MEGA->user_login_session()
 5 APPPATH/Views/frontend/buscador.php(26): MEGA::create_from_login()
 6 SYSTEMPATH/View/View.php(234): include('/run/media/degante/DEV/test/bibliotecaupn24/app/Views/frontend/buscador.php')
 7 SYSTEMPATH/View/View.php(237): CodeIgniter\View\View->CodeIgniter\View\{closure}()
 8 SYSTEMPATH/View/View.php(487): CodeIgniter\View\View->render()
 9 APPPATH/Views/frontend/index.php(13): CodeIgniter\View\View->include()
10 SYSTEMPATH/View/View.php(234): include('/run/media/degante/DEV/test/bibliotecaupn24/app/Views/frontend/index.php')
11 SYSTEMPATH/View/View.php(237): CodeIgniter\View\View->CodeIgniter\View\{closure}()
12 SYSTEMPATH/Common.php(1171): CodeIgniter\View\View->render()
13 APPPATH/Controllers/Home.php(28): view()
14 SYSTEMPATH/CodeIgniter.php(933): App\Controllers\Home->index()
15 SYSTEMPATH/CodeIgniter.php(509): CodeIgniter\CodeIgniter->runController()
16 SYSTEMPATH/CodeIgniter.php(355): CodeIgniter\CodeIgniter->handleRequest()
17 SYSTEMPATH/Boot.php(325): CodeIgniter\CodeIgniter->run()
18 SYSTEMPATH/Boot.php(67): CodeIgniter\Boot::runCodeIgniter()
19 FCPATH/index.php(56): CodeIgniter\Boot::bootWeb()
20 SYSTEMPATH/rewrite.php(44): require_once('/run/media/degante/DEV/test/bibliotecaupn24/public/index.php')
INFO - 2024-08-07 21:53:37 --> Session: Class initialized using 'CodeIgniter\Session\Handlers\FileHandler' driver.
WARNING - 2024-08-07 21:53:37 --> [DEPRECATED] Creation of dynamic property App\Controllers\Home::$session is deprecated in APPPATH/Controllers/Home.php on line 16.
 1 SYSTEMPATH/CodeIgniter.php(903): App\Controllers\Home->__construct()
 2 SYSTEMPATH/CodeIgniter.php(500): CodeIgniter\CodeIgniter->createController()
 3 SYSTEMPATH/CodeIgniter.php(355): CodeIgniter\CodeIgniter->handleRequest(null, Object(Config\Cache), false)
 4 SYSTEMPATH/Boot.php(325): CodeIgniter\CodeIgniter->run()
 5 SYSTEMPATH/Boot.php(67): CodeIgniter\Boot::runCodeIgniter(Object(CodeIgniter\CodeIgniter))
 6 FCPATH/index.php(56): CodeIgniter\Boot::bootWeb(Object(Config\Paths))
 7 SYSTEMPATH/rewrite.php(44): require_once('/run/media/degante/DEV/test/bibliotecaupn24/public/index.php')
CRITICAL - 2024-08-07 21:53:37 --> Error: Call to undefined function mcrypt_get_iv_size()
[Method: GET, Route: /]
in APPPATH/Views/frontend/mega.class.php on line 1015.
 1 APPPATH/Views/frontend/mega.class.php(985): MEGACrypto::encrypt_aes_cbc()
 2 APPPATH/Views/frontend/mega.class.php(993): MEGACrypto::prepare_key()
 3 APPPATH/Views/frontend/mega.class.php(548): MEGACrypto::prepare_key_pw()
 4 APPPATH/Views/frontend/mega.class.php(63): MEGA->user_login_session()
 5 APPPATH/Views/frontend/buscador.php(26): MEGA::create_from_login()
 6 SYSTEMPATH/View/View.php(234): include('/run/media/degante/DEV/test/bibliotecaupn24/app/Views/frontend/buscador.php')
 7 SYSTEMPATH/View/View.php(237): CodeIgniter\View\View->CodeIgniter\View\{closure}()
 8 SYSTEMPATH/View/View.php(487): CodeIgniter\View\View->render()
 9 APPPATH/Views/frontend/index.php(13): CodeIgniter\View\View->include()
10 SYSTEMPATH/View/View.php(234): include('/run/media/degante/DEV/test/bibliotecaupn24/app/Views/frontend/index.php')
11 SYSTEMPATH/View/View.php(237): CodeIgniter\View\View->CodeIgniter\View\{closure}()
12 SYSTEMPATH/Common.php(1171): CodeIgniter\View\View->render()
13 APPPATH/Controllers/Home.php(28): view()
14 SYSTEMPATH/CodeIgniter.php(933): App\Controllers\Home->index()
15 SYSTEMPATH/CodeIgniter.php(509): CodeIgniter\CodeIgniter->runController()
16 SYSTEMPATH/CodeIgniter.php(355): CodeIgniter\CodeIgniter->handleRequest()
17 SYSTEMPATH/Boot.php(325): CodeIgniter\CodeIgniter->run()
18 SYSTEMPATH/Boot.php(67): CodeIgniter\Boot::runCodeIgniter()
19 FCPATH/index.php(56): CodeIgniter\Boot::bootWeb()
20 SYSTEMPATH/rewrite.php(44): require_once('/run/media/degante/DEV/test/bibliotecaupn24/public/index.php')
INFO - 2024-08-07 21:53:46 --> Session: Class initialized using 'CodeIgniter\Session\Handlers\FileHandler' driver.
WARNING - 2024-08-07 21:53:46 --> [DEPRECATED] Creation of dynamic property App\Controllers\Home::$session is deprecated in APPPATH/Controllers/Home.php on line 16.
 1 SYSTEMPATH/CodeIgniter.php(903): App\Controllers\Home->__construct()
 2 SYSTEMPATH/CodeIgniter.php(500): CodeIgniter\CodeIgniter->createController()
 3 SYSTEMPATH/CodeIgniter.php(355): CodeIgniter\CodeIgniter->handleRequest(null, Object(Config\Cache), false)
 4 SYSTEMPATH/Boot.php(325): CodeIgniter\CodeIgniter->run()
 5 SYSTEMPATH/Boot.php(67): CodeIgniter\Boot::runCodeIgniter(Object(CodeIgniter\CodeIgniter))
 6 FCPATH/index.php(56): CodeIgniter\Boot::bootWeb(Object(Config\Paths))
 7 SYSTEMPATH/rewrite.php(44): require_once('/run/media/degante/DEV/test/bibliotecaupn24/public/index.php')
